This file contains any messages produced by compilers while
running configure, to aid debugging if configure makes a mistake.

It was created by Bashish configure 2.2.4, which was
generated by GNU Autoconf 2.69.  Invocation command line was

  $ ./configure --prefix=/home/thioshp

## --------- ##
## Platform. ##
## --------- ##

hostname = CINNAMON
uname -m = x86_64
uname -r = 3.19.0-32-generic
uname -s = Linux
uname -v = #37~14.04.1-Ubuntu SMP Thu Oct 22 09:41:40 UTC 2015

/usr/bin/uname -p = unknown
/bin/uname -X     = unknown

/bin/arch              = unknown
/usr/bin/arch -k       = unknown
/usr/convex/getsysinfo = unknown
/usr/bin/hostinfo      = unknown
/bin/machine           = unknown
/usr/bin/oslevel       = unknown
/bin/universe          = unknown

PATH: /home/thioshp/.bashish/launcher
PATH: /home/thioshp/share/bashish/lib
PATH: /usr/local/heroku/bin
PATH: /usr/lib/jvm/java-1.8.0-oracle-amd64//bin
PATH: /home/thioshp/bin
PATH: /usr/local/sbin
PATH: /usr/local/bin
PATH: /usr/sbin
PATH: /usr/bin
PATH: /sbin
PATH: /bin
PATH: /usr/games
PATH: /usr/local/games
PATH: /usr/lib/jvm/java-1.8.0-oracle-amd64/jre/bin
PATH: /usr/lib/jvm/java-1.8.0-oracle-amd64/bin
PATH: /usr/lib/jvm/jdk1.8.0_71/jre/bin
PATH: /usr/lib/jvm/jdk1.8.0_71/bin
PATH: /usr/local/java/netbeans-8.1/bin
PATH: /opt/lampp/bin
PATH: /home/thioshp/bin/sqlcl/bin
PATH: /home/thioshp/public_html/php_frameworks/laravel/app/Console
PATH: /home/thioshp/public_html/php_frameworks/cakephp/app/Console
PATH: /home/thioshp/public_html/php_frameworks/symfony/bin
PATH: /usr/local/heroku/bin
PATH: /opt/lampp/share/xampp
PATH: /home/thioshp/.config/youtube-dlg
PATH: /opt/lampp
PATH: /home/thioshp/public_html/executables
PATH: /home/thioshp/bin/sendspace
PATH: /home/thioshp/bin/thunderbird/
PATH: /home/thioshp/.local/share/heroku/cli/bin/


## ----------- ##
## Core tests. ##
## ----------- ##

configure:1729: checking for a BSD-compatible install
configure:1797: result: /usr/bin/install -c
configure:2007: creating ./config.status

## ---------------------- ##
## Running config.status. ##
## ---------------------- ##

This file was extended by Bashish config.status 2.2.4, which was
generated by GNU Autoconf 2.69.  Invocation command line was

  CONFIG_FILES    = 
  CONFIG_HEADERS  = 
  CONFIG_LINKS    = 
  CONFIG_COMMANDS = 
  $ ./config.status 

on CINNAMON

config.status:722: creating data/main/prompt/sh/autoload
config.status:722: creating data/bashish-version
config.status:722: creating Makefile
config.status:722: creating bashish.spec
config.status:722: creating man/bashish.1
config.status:722: creating bin/bashish

## ---------------- ##
## Cache variables. ##
## ---------------- ##

ac_cv_env_build_alias_set=
ac_cv_env_build_alias_value=
ac_cv_env_docdir_set=set
ac_cv_env_docdir_value='${datarootdir}/doc/${PACKAGE_TARNAME}'
ac_cv_env_host_alias_set=
ac_cv_env_host_alias_value=
ac_cv_env_target_alias_set=
ac_cv_env_target_alias_value=
ac_cv_path_install='/usr/bin/install -c'

## ----------------- ##
## Output variables. ##
## ----------------- ##

DEFS='-DPACKAGE_NAME=\"Bashish\" -DPACKAGE_TARNAME=\"bashish\" -DPACKAGE_VERSION=\"2.2.4\" -DPACKAGE_STRING=\"Bashish\ 2.2.4\" -DPACKAGE_BUGREPORT=\"thomas.eriksson@gmail.com\" -DPACKAGE_URL=\"\" -DPREFIX=L\"/home/thioshp\" -DDOCDIR=L\"\$$\{prefix\}/share/doc/bashish\"'
ECHO_C=''
ECHO_N='-n'
ECHO_T=''
INSTALL_DATA='${INSTALL} -m 644'
INSTALL_PROGRAM='${INSTALL}'
INSTALL_SCRIPT='${INSTALL}'
LIBOBJS=''
LIBS=''
LTLIBOBJS=''
PACKAGE_BUGREPORT='thomas.eriksson@gmail.com'
PACKAGE_NAME='Bashish'
PACKAGE_STRING='Bashish 2.2.4'
PACKAGE_TARNAME='bashish'
PACKAGE_URL=''
PACKAGE_VERSION='2.2.4'
PATH_SEPARATOR=':'
PREFIX='/home/thioshp'
SHELL='/bin/bash'
bindir='${exec_prefix}/bin'
build_alias=''
datadir='${datarootdir}'
datarootdir='${prefix}/share'
docdir='${datarootdir}/doc/${PACKAGE_TARNAME}'
dvidir='${docdir}'
exec_prefix='${prefix}'
host_alias=''
htmldir='${docdir}'
includedir='${prefix}/include'
infodir='${datarootdir}/info'
libdir='${exec_prefix}/lib'
libexecdir='${exec_prefix}/libexec'
localedir='${datarootdir}/locale'
localstatedir='${prefix}/var'
mandir='${datarootdir}/man'
oldincludedir='/usr/include'
pdfdir='${docdir}'
prefix='/home/thioshp'
program_transform_name='s,x,x,'
psdir='${docdir}'
sbindir='${exec_prefix}/sbin'
sharedstatedir='${prefix}/com'
sysconfdir='${prefix}/etc'
target_alias=''

## ----------- ##
## confdefs.h. ##
## ----------- ##

/* confdefs.h */
#define PACKAGE_NAME "Bashish"
#define PACKAGE_TARNAME "bashish"
#define PACKAGE_VERSION "2.2.4"
#define PACKAGE_STRING "Bashish 2.2.4"
#define PACKAGE_BUGREPORT "thomas.eriksson@gmail.com"
#define PACKAGE_URL ""
#define PREFIX L"/home/thioshp"
#define DOCDIR L"${prefix}/share/doc/bashish"

configure: exit 0
